<component name="libraryTable">
  <library name="junit_4.12">
    <CLASSES>
      <root url="jar://D:/work20190709/jar/junit4/hamcrest-core-1.3.jar!/" />
      <root url="jar://D:/work20190709/jar/junit4/junit-4.12.jar!/" />
    </CLASSES>
    <JAVADOC />
    <SOURCES />
  </library>
</component>